# JRE version: Java(TM) SE Runtime Environment (8.0_241-b07) (build 1.8.0_241-b07)
# Java VM: Java HotSpot(TM) 64-Bit Server VM (25.241-b07 mixed mode windows-amd64 compressed oops)
Heap:
 PSYoungGen      total 260608K, used 256959K [0x00000000eab00000, 0x0000000100000000, 0x0000000100000000)
  eden space 227328K, 98% used [0x00000000eab00000,0x00000000f8574b00,0x00000000f8900000)
  from space 33280K, 99% used [0x00000000fdf80000,0x00000000ffffb398,0x0000000100000000)
  to   space 60928K, 0% used [0x00000000f8900000,0x00000000f8900000,0x00000000fc480000)
 ParOldGen       total 699392K, used 75757K [0x00000000c0000000, 0x00000000eab00000, 0x00000000eab00000)
  object space 699392K, 10% used [0x00000000c0000000,0x00000000c49fb530,0x00000000eab00000)
 Metaspace       used 79897K, capacity 92199K, committed 92416K, reserved 1130496K
  class space    used 11519K, capacity 12254K, committed 12288K, reserved 1048576K
GC Heap History (10 events):
Event: 5.266 GC heap before
{Heap before GC invocations=5 (full 2):
 PSYoungGen      total 305664K, used 163482K [0x00000000eab00000, 0x0000000100000000, 0x0000000100000000)
  eden space 262144K, 62% used [0x00000000eab00000,0x00000000f4aa6ae8,0x00000000fab00000)
  from space 43520K, 0% used [0x00000000fd580000,0x00000000fd580000,0x0000000100000000)
  to   space 43520K, 0% used [0x00000000fab00000,0x00000000fab00000,0x00000000fd580000)
 ParOldGen       total 699392K, used 15413K [0x00000000c0000000, 0x00000000eab00000, 0x00000000eab00000)
  object space 699392K, 2% used [0x00000000c0000000,0x00000000c0f0d778,0x00000000eab00000)
 Metaspace       used 53426K, capacity 58967K, committed 59028K, reserved 1101824K
  class space    used 7217K, capacity 7628K, committed 7680K, reserved 1048576K
Event: 5.290 GC heap after
Heap after GC invocations=5 (full 2):
 PSYoungGen      total 305664K, used 30220K [0x00000000eab00000, 0x0000000100000000, 0x0000000100000000)
  eden space 262144K, 0% used [0x00000000eab00000,0x00000000eab00000,0x00000000fab00000)
  from space 43520K, 69% used [0x00000000fab00000,0x00000000fc883328,0x00000000fd580000)
  to   space 43520K, 0% used [0x00000000fd580000,0x00000000fd580000,0x0000000100000000)
 ParOldGen       total 699392K, used 15421K [0x00000000c0000000, 0x00000000eab00000, 0x00000000eab00000)
  object space 699392K, 2% used [0x00000000c0000000,0x00000000c0f0f778,0x00000000eab00000)
 Metaspace       used 53426K, capacity 58967K, committed 59028K, reserved 1101824K
  class space    used 7217K, capacity 7628K, committed 7680K, reserved 1048576K
}
Event: 5.290 GC heap before
{Heap before GC invocations=6 (full 3):
 PSYoungGen      total 305664K, used 30220K [0x00000000eab00000, 0x0000000100000000, 0x0000000100000000)
  eden space 262144K, 0% used [0x00000000eab00000,0x00000000eab00000,0x00000000fab00000)
  from space 43520K, 69% used [0x00000000fab00000,0x00000000fc883328,0x00000000fd580000)
  to   space 43520K, 0% used [0x00000000fd580000,0x00000000fd580000,0x0000000100000000)
 ParOldGen       total 699392K, used 15421K [0x00000000c0000000, 0x00000000eab00000, 0x00000000eab00000)
  object space 699392K, 2% used [0x00000000c0000000,0x00000000c0f0f778,0x00000000eab00000)
 Metaspace       used 53426K, capacity 58967K, committed 59028K, reserved 1101824K
  class space    used 7217K, capacity 7628K, committed 7680K, reserved 1048576K
Event: 5.393 GC heap after
Heap after GC invocations=6 (full 3):
 PSYoungGen      total 305664K, used 0K [0x00000000eab00000, 0x0000000100000000, 0x0000000100000000)
  eden space 262144K, 0% used [0x00000000eab00000,0x00000000eab00000,0x00000000fab00000)
  from space 43520K, 0% used [0x00000000fab00000,0x00000000fab00000,0x00000000fd580000)
  to   space 43520K, 0% used [0x00000000fd580000,0x00000000fd580000,0x0000000100000000)
 ParOldGen       total 699392K, used 36160K [0x00000000c0000000, 0x00000000eab00000, 0x00000000eab00000)
  object space 699392K, 5% used [0x00000000c0000000,0x00000000c23503e8,0x00000000eab00000)
 Metaspace       used 53426K, capacity 58967K, committed 59028K, reserved 1101824K
  class space    used 7217K, capacity 7628K, committed 7680K, reserved 1048576K
}
Event: 14.057 GC heap before
{Heap before GC invocations=7 (full 3):
 PSYoungGen      total 305664K, used 262144K [0x00000000eab00000, 0x0000000100000000, 0x0000000100000000)
  eden space 262144K, 100% used [0x00000000eab00000,0x00000000fab00000,0x00000000fab00000)
  from space 43520K, 0% used [0x00000000fab00000,0x00000000fab00000,0x00000000fd580000)
  to   space 43520K, 0% used [0x00000000fd580000,0x00000000fd580000,0x0000000100000000)
 ParOldGen       total 699392K, used 36160K [0x00000000c0000000, 0x00000000eab00000, 0x00000000eab00000)
  object space 699392K, 5% used [0x00000000c0000000,0x00000000c23503e8,0x00000000eab00000)
 Metaspace       used 74157K, capacity 85181K, committed 85376K, reserved 1124352K
  class space    used 10669K, capacity 11324K, committed 11392K, reserved 1048576K
Event: 14.079 GC heap after
Heap after GC invocations=7 (full 3):
 PSYoungGen      total 305664K, used 19248K [0x00000000eab00000, 0x0000000100000000, 0x0000000100000000)
  eden space 262144K, 0% used [0x00000000eab00000,0x00000000eab00000,0x00000000fab00000)
  from space 43520K, 44% used [0x00000000fd580000,0x00000000fe84c2c8,0x0000000100000000)
  to   space 43520K, 0% used [0x00000000fab00000,0x00000000fab00000,0x00000000fd580000)
 ParOldGen       total 699392K, used 36176K [0x00000000c0000000, 0x00000000eab00000, 0x00000000eab00000)
  object space 699392K, 5% used [0x00000000c0000000,0x00000000c23543e8,0x00000000eab00000)
 Metaspace       used 74157K, capacity 85181K, committed 85376K, reserved 1124352K
  class space    used 10669K, capacity 11324K, committed 11392K, reserved 1048576K
}
Event: 17.850 GC heap before
{Heap before GC invocations=8 (full 3):
 PSYoungGen      total 305664K, used 273469K [0x00000000eab00000, 0x0000000100000000, 0x0000000100000000)
  eden space 262144K, 96% used [0x00000000eab00000,0x00000000fa343408,0x00000000fab00000)
  from space 43520K, 44% used [0x00000000fd580000,0x00000000fe84c2c8,0x0000000100000000)
  to   space 43520K, 0% used [0x00000000fab00000,0x00000000fab00000,0x00000000fd580000)
 ParOldGen       total 699392K, used 36176K [0x00000000c0000000, 0x00000000eab00000, 0x00000000eab00000)
  object space 699392K, 5% used [0x00000000c0000000,0x00000000c23543e8,0x00000000eab00000)
 Metaspace       used 79714K, capacity 91931K, committed 92160K, reserved 1128448K
  class space    used 11501K, capacity 12206K, committed 12288K, reserved 1048576K
Event: 17.901 GC heap after
Heap after GC invocations=8 (full 3):
 PSYoungGen      total 305664K, used 28254K [0x00000000eab00000, 0x0000000100000000, 0x0000000100000000)
  eden space 262144K, 0% used [0x00000000eab00000,0x00000000eab00000,0x00000000fab00000)
  from space 43520K, 64% used [0x00000000fab00000,0x00000000fc6978c0,0x00000000fd580000)
  to   space 33280K, 0% used [0x00000000fdf80000,0x00000000fdf80000,0x0000000100000000)
 ParOldGen       total 699392K, used 36192K [0x00000000c0000000, 0x00000000eab00000, 0x00000000eab00000)
  object space 699392K, 5% used [0x00000000c0000000,0x00000000c23583e8,0x00000000eab00000)
 Metaspace       used 79714K, capacity 91931K, committed 92160K, reserved 1128448K
  class space    used 11501K, capacity 12206K, committed 12288K, reserved 1048576K
}
Event: 19.145 GC heap before
{Heap before GC invocations=9 (full 3):
 PSYoungGen      total 305664K, used 290398K [0x00000000eab00000, 0x0000000100000000, 0x0000000100000000)
  eden space 262144K, 100% used [0x00000000eab00000,0x00000000fab00000,0x00000000fab00000)
  from space 43520K, 64% used [0x00000000fab00000,0x00000000fc6978c0,0x00000000fd580000)
  to   space 33280K, 0% used [0x00000000fdf80000,0x00000000fdf80000,0x0000000100000000)
 ParOldGen       total 699392K, used 36192K [0x00000000c0000000, 0x00000000eab00000, 0x00000000eab00000)
  object space 699392K, 5% used [0x00000000c0000000,0x00000000c23583e8,0x00000000eab00000)
 Metaspace       used 79767K, capacity 92057K, committed 92160K, reserved 1128448K
  class space    used 11509K, capacity 12243K, committed 12288K, reserved 1048576K
Event: 19.453 GC heap after
Heap after GC invocations=9 (full 3):
 PSYoungGen      total 260608K, used 33260K [0x00000000eab00000, 0x0000000100000000, 0x0000000100000000)
  eden space 227328K, 0% used [0x00000000eab00000,0x00000000eab00000,0x00000000f8900000)
  from space 33280K, 99% used [0x00000000fdf80000,0x00000000ffffb398,0x0000000100000000)
  to   space 60928K, 0% used [0x00000000f8900000,0x00000000f8900000,0x00000000fc480000)
 ParOldGen       total 699392K, used 75757K [0x00000000c0000000, 0x00000000eab00000, 0x00000000eab00000)
  object space 699392K, 10% used [0x00000000c0000000,0x00000000c49fb530,0x00000000eab00000)
 Metaspace       used 79767K, capacity 92057K, committed 92160K, reserved 1128448K
  class space    used 11509K, capacity 12243K, committed 12288K, reserved 1048576K
}

